<?xml version="1.0" encoding="UTF-8"?>
<testsuite xmlns:xsi="http://www.w3.org/2001/XMLSchema-instance" xsi:noNamespaceSchemaLocation="https://maven.apache.org/surefire/maven-surefire-plugin/xsd/surefire-test-report.xsd" name="com.cydeo.TicketingProjectOrmApplicationTests" time="17.991" tests="1" errors="0" skipped="0" failures="0">
  <properties>
    <property name="java.specification.version" value="17"/>
    <property name="sun.jnu.encoding" value="UTF-8"/>
    <property name="java.class.path" value="/Users/fatma/IdeaProjects/ticketing-project-rest/target/test-classes:/Users/fatma/IdeaProjects/ticketing-project-rest/target/classes:/Users/fatma/.m2/repository/org/springframework/boot/spring-boot-starter/2.6.7/spring-boot-starter-2.6.7.jar:/Users/fatma/.m2/repository/org/springframework/boot/spring-boot/2.6.7/spring-boot-2.6.7.jar:/Users/fatma/.m2/repository/org/springframework/spring-context/5.3.19/spring-context-5.3.19.jar:/Users/fatma/.m2/repository/org/springframework/boot/spring-boot-autoconfigure/2.6.7/spring-boot-autoconfigure-2.6.7.jar:/Users/fatma/.m2/repository/jakarta/annotation/jakarta.annotation-api/1.3.5/jakarta.annotation-api-1.3.5.jar:/Users/fatma/.m2/repository/org/springframework/spring-core/5.3.19/spring-core-5.3.19.jar:/Users/fatma/.m2/repository/org/springframework/spring-jcl/5.3.19/spring-jcl-5.3.19.jar:/Users/fatma/.m2/repository/org/yaml/snakeyaml/1.29/snakeyaml-1.29.jar:/Users/fatma/.m2/repository/org/springframework/boot/spring-boot-starter-log4j2/2.6.7/spring-boot-starter-log4j2-2.6.7.jar:/Users/fatma/.m2/repository/org/apache/logging/log4j/log4j-slf4j-impl/2.17.2/log4j-slf4j-impl-2.17.2.jar:/Users/fatma/.m2/repository/org/slf4j/slf4j-api/1.7.36/slf4j-api-1.7.36.jar:/Users/fatma/.m2/repository/org/apache/logging/log4j/log4j-api/2.17.2/log4j-api-2.17.2.jar:/Users/fatma/.m2/repository/org/apache/logging/log4j/log4j-core/2.17.2/log4j-core-2.17.2.jar:/Users/fatma/.m2/repository/org/apache/logging/log4j/log4j-jul/2.17.2/log4j-jul-2.17.2.jar:/Users/fatma/.m2/repository/org/slf4j/jul-to-slf4j/1.7.36/jul-to-slf4j-1.7.36.jar:/Users/fatma/.m2/repository/org/springframework/boot/spring-boot-starter-data-jpa/2.6.7/spring-boot-starter-data-jpa-2.6.7.jar:/Users/fatma/.m2/repository/org/springframework/boot/spring-boot-starter-jdbc/2.6.7/spring-boot-starter-jdbc-2.6.7.jar:/Users/fatma/.m2/repository/com/zaxxer/HikariCP/4.0.3/HikariCP-4.0.3.jar:/Users/fatma/.m2/repository/org/springframework/spring-jdbc/5.3.19/spring-jdbc-5.3.19.jar:/Users/fatma/.m2/repository/jakarta/transaction/jakarta.transaction-api/1.3.3/jakarta.transaction-api-1.3.3.jar:/Users/fatma/.m2/repository/jakarta/persistence/jakarta.persistence-api/2.2.3/jakarta.persistence-api-2.2.3.jar:/Users/fatma/.m2/repository/org/hibernate/hibernate-core/5.6.8.Final/hibernate-core-5.6.8.Final.jar:/Users/fatma/.m2/repository/org/jboss/logging/jboss-logging/3.4.3.Final/jboss-logging-3.4.3.Final.jar:/Users/fatma/.m2/repository/net/bytebuddy/byte-buddy/1.11.22/byte-buddy-1.11.22.jar:/Users/fatma/.m2/repository/antlr/antlr/2.7.7/antlr-2.7.7.jar:/Users/fatma/.m2/repository/org/jboss/jandex/2.4.2.Final/jandex-2.4.2.Final.jar:/Users/fatma/.m2/repository/com/fasterxml/classmate/1.5.1/classmate-1.5.1.jar:/Users/fatma/.m2/repository/org/hibernate/common/hibernate-commons-annotations/5.1.2.Final/hibernate-commons-annotations-5.1.2.Final.jar:/Users/fatma/.m2/repository/org/glassfish/jaxb/jaxb-runtime/2.3.6/jaxb-runtime-2.3.6.jar:/Users/fatma/.m2/repository/org/glassfish/jaxb/txw2/2.3.6/txw2-2.3.6.jar:/Users/fatma/.m2/repository/com/sun/istack/istack-commons-runtime/3.0.12/istack-commons-runtime-3.0.12.jar:/Users/fatma/.m2/repository/com/sun/activation/jakarta.activation/1.2.2/jakarta.activation-1.2.2.jar:/Users/fatma/.m2/repository/org/springframework/data/spring-data-jpa/2.6.4/spring-data-jpa-2.6.4.jar:/Users/fatma/.m2/repository/org/springframework/data/spring-data-commons/2.6.4/spring-data-commons-2.6.4.jar:/Users/fatma/.m2/repository/org/springframework/spring-orm/5.3.19/spring-orm-5.3.19.jar:/Users/fatma/.m2/repository/org/springframework/spring-tx/5.3.19/spring-tx-5.3.19.jar:/Users/fatma/.m2/repository/org/springframework/spring-beans/5.3.19/spring-beans-5.3.19.jar:/Users/fatma/.m2/repository/org/springframework/spring-aspects/5.3.19/spring-aspects-5.3.19.jar:/Users/fatma/.m2/repository/org/springframework/boot/spring-boot-starter-thymeleaf/2.6.7/spring-boot-starter-thymeleaf-2.6.7.jar:/Users/fatma/.m2/repository/org/thymeleaf/thymeleaf-spring5/3.0.15.RELEASE/thymeleaf-spring5-3.0.15.RELEASE.jar:/Users/fatma/.m2/repository/org/thymeleaf/thymeleaf/3.0.15.RELEASE/thymeleaf-3.0.15.RELEASE.jar:/Users/fatma/.m2/repository/org/attoparser/attoparser/2.0.5.RELEASE/attoparser-2.0.5.RELEASE.jar:/Users/fatma/.m2/repository/org/unbescape/unbescape/1.1.6.RELEASE/unbescape-1.1.6.RELEASE.jar:/Users/fatma/.m2/repository/org/thymeleaf/extras/thymeleaf-extras-java8time/3.0.4.RELEASE/thymeleaf-extras-java8time-3.0.4.RELEASE.jar:/Users/fatma/.m2/repository/org/springframework/boot/spring-boot-starter-web/2.6.7/spring-boot-starter-web-2.6.7.jar:/Users/fatma/.m2/repository/org/springframework/boot/spring-boot-starter-json/2.6.7/spring-boot-starter-json-2.6.7.jar:/Users/fatma/.m2/repository/com/fasterxml/jackson/core/jackson-databind/2.13.2.1/jackson-databind-2.13.2.1.jar:/Users/fatma/.m2/repository/com/fasterxml/jackson/datatype/jackson-datatype-jdk8/2.13.2/jackson-datatype-jdk8-2.13.2.jar:/Users/fatma/.m2/repository/com/fasterxml/jackson/datatype/jackson-datatype-jsr310/2.13.2/jackson-datatype-jsr310-2.13.2.jar:/Users/fatma/.m2/repository/com/fasterxml/jackson/module/jackson-module-parameter-names/2.13.2/jackson-module-parameter-names-2.13.2.jar:/Users/fatma/.m2/repository/org/springframework/boot/spring-boot-starter-tomcat/2.6.7/spring-boot-starter-tomcat-2.6.7.jar:/Users/fatma/.m2/repository/org/apache/tomcat/embed/tomcat-embed-core/9.0.62/tomcat-embed-core-9.0.62.jar:/Users/fatma/.m2/repository/org/apache/tomcat/embed/tomcat-embed-websocket/9.0.62/tomcat-embed-websocket-9.0.62.jar:/Users/fatma/.m2/repository/org/springframework/spring-web/5.3.19/spring-web-5.3.19.jar:/Users/fatma/.m2/repository/org/springframework/spring-webmvc/5.3.19/spring-webmvc-5.3.19.jar:/Users/fatma/.m2/repository/org/springframework/spring-expression/5.3.19/spring-expression-5.3.19.jar:/Users/fatma/.m2/repository/org/springframework/boot/spring-boot-starter-security/2.6.7/spring-boot-starter-security-2.6.7.jar:/Users/fatma/.m2/repository/org/springframework/spring-aop/5.3.19/spring-aop-5.3.19.jar:/Users/fatma/.m2/repository/org/springframework/security/spring-security-config/5.6.3/spring-security-config-5.6.3.jar:/Users/fatma/.m2/repository/org/springframework/security/spring-security-core/5.6.3/spring-security-core-5.6.3.jar:/Users/fatma/.m2/repository/org/springframework/security/spring-security-crypto/5.6.3/spring-security-crypto-5.6.3.jar:/Users/fatma/.m2/repository/org/springframework/security/spring-security-web/5.6.3/spring-security-web-5.6.3.jar:/Users/fatma/.m2/repository/org/keycloak/keycloak-spring-boot-starter/18.0.0/keycloak-spring-boot-starter-18.0.0.jar:/Users/fatma/.m2/repository/org/keycloak/keycloak-spring-boot-2-adapter/18.0.0/keycloak-spring-boot-2-adapter-18.0.0.jar:/Users/fatma/.m2/repository/org/keycloak/keycloak-spring-boot-adapter-core/18.0.0/keycloak-spring-boot-adapter-core-18.0.0.jar:/Users/fatma/.m2/repository/org/keycloak/keycloak-authz-client/18.0.0/keycloak-authz-client-18.0.0.jar:/Users/fatma/.m2/repository/org/apache/httpcomponents/httpclient/4.5.13/httpclient-4.5.13.jar:/Users/fatma/.m2/repository/org/apache/httpcomponents/httpcore/4.4.15/httpcore-4.4.15.jar:/Users/fatma/.m2/repository/org/keycloak/spring-boot-container-bundle/18.0.0/spring-boot-container-bundle-18.0.0.jar:/Users/fatma/.m2/repository/org/keycloak/keycloak-adapter-core/18.0.0/keycloak-adapter-core-18.0.0.jar:/Users/fatma/.m2/repository/org/keycloak/keycloak-spring-security-adapter/18.0.0/keycloak-spring-security-adapter-18.0.0.jar:/Users/fatma/.m2/repository/org/keycloak/keycloak-adapter-spi/18.0.0/keycloak-adapter-spi-18.0.0.jar:/Users/fatma/.m2/repository/org/bouncycastle/bcprov-jdk15on/1.68/bcprov-jdk15on-1.68.jar:/Users/fatma/.m2/repository/com/fasterxml/jackson/core/jackson-core/2.13.2/jackson-core-2.13.2.jar:/Users/fatma/.m2/repository/com/fasterxml/jackson/core/jackson-annotations/2.13.2/jackson-annotations-2.13.2.jar:/Users/fatma/.m2/repository/org/keycloak/keycloak-admin-client/18.0.0/keycloak-admin-client-18.0.0.jar:/Users/fatma/.m2/repository/org/keycloak/keycloak-core/18.0.0/keycloak-core-18.0.0.jar:/Users/fatma/.m2/repository/org/keycloak/keycloak-common/18.0.0/keycloak-common-18.0.0.jar:/Users/fatma/.m2/repository/org/jboss/resteasy/resteasy-client/3.13.2.Final/resteasy-client-3.13.2.Final.jar:/Users/fatma/.m2/repository/org/jboss/resteasy/resteasy-jaxrs/3.13.2.Final/resteasy-jaxrs-3.13.2.Final.jar:/Users/fatma/.m2/repository/org/reactivestreams/reactive-streams/1.0.3/reactive-streams-1.0.3.jar:/Users/fatma/.m2/repository/org/jboss/spec/javax/annotation/jboss-annotations-api_1.3_spec/2.0.1.Final/jboss-annotations-api_1.3_spec-2.0.1.Final.jar:/Users/fatma/.m2/repository/com/github/stephenc/jcip/jcip-annotations/1.0-1/jcip-annotations-1.0-1.jar:/Users/fatma/.m2/repository/commons-codec/commons-codec/1.15/commons-codec-1.15.jar:/Users/fatma/.m2/repository/commons-io/commons-io/2.5/commons-io-2.5.jar:/Users/fatma/.m2/repository/org/jboss/resteasy/resteasy-multipart-provider/3.13.2.Final/resteasy-multipart-provider-3.13.2.Final.jar:/Users/fatma/.m2/repository/com/sun/mail/jakarta.mail/1.6.7/jakarta.mail-1.6.7.jar:/Users/fatma/.m2/repository/org/apache/james/apache-mime4j/0.6/apache-mime4j-0.6.jar:/Users/fatma/.m2/repository/org/jboss/resteasy/resteasy-jackson2-provider/3.13.2.Final/resteasy-jackson2-provider-3.13.2.Final.jar:/Users/fatma/.m2/repository/com/fasterxml/jackson/jaxrs/jackson-jaxrs-json-provider/2.13.2/jackson-jaxrs-json-provider-2.13.2.jar:/Users/fatma/.m2/repository/com/fasterxml/jackson/jaxrs/jackson-jaxrs-base/2.13.2/jackson-jaxrs-base-2.13.2.jar:/Users/fatma/.m2/repository/com/fasterxml/jackson/module/jackson-module-jaxb-annotations/2.13.2/jackson-module-jaxb-annotations-2.13.2.jar:/Users/fatma/.m2/repository/com/github/fge/json-patch/1.9/json-patch-1.9.jar:/Users/fatma/.m2/repository/com/github/fge/jackson-coreutils/1.6/jackson-coreutils-1.6.jar:/Users/fatma/.m2/repository/com/github/fge/msg-simple/1.1/msg-simple-1.1.jar:/Users/fatma/.m2/repository/com/github/fge/btf/1.2/btf-1.2.jar:/Users/fatma/.m2/repository/com/google/guava/guava/28.1-jre/guava-28.1-jre.jar:/Users/fatma/.m2/repository/com/google/guava/failureaccess/1.0.1/failureaccess-1.0.1.jar:/Users/fatma/.m2/repository/com/google/guava/listenablefuture/9999.0-empty-to-avoid-conflict-with-guava/listenablefuture-9999.0-empty-to-avoid-conflict-with-guava.jar:/Users/fatma/.m2/repository/org/jboss/resteasy/resteasy-jaxb-provider/3.13.2.Final/resteasy-jaxb-provider-3.13.2.Final.jar:/Users/fatma/.m2/repository/org/jboss/spec/javax/xml/bind/jboss-jaxb-api_2.3_spec/2.0.0.Final/jboss-jaxb-api_2.3_spec-2.0.0.Final.jar:/Users/fatma/.m2/repository/org/springdoc/springdoc-openapi-ui/1.6.6/springdoc-openapi-ui-1.6.6.jar:/Users/fatma/.m2/repository/org/springdoc/springdoc-openapi-webmvc-core/1.6.6/springdoc-openapi-webmvc-core-1.6.6.jar:/Users/fatma/.m2/repository/org/springdoc/springdoc-openapi-common/1.6.6/springdoc-openapi-common-1.6.6.jar:/Users/fatma/.m2/repository/io/swagger/core/v3/swagger-core/2.1.12/swagger-core-2.1.12.jar:/Users/fatma/.m2/repository/org/apache/commons/commons-lang3/3.12.0/commons-lang3-3.12.0.jar:/Users/fatma/.m2/repository/com/fasterxml/jackson/dataformat/jackson-dataformat-yaml/2.13.2/jackson-dataformat-yaml-2.13.2.jar:/Users/fatma/.m2/repository/io/swagger/core/v3/swagger-annotations/2.1.12/swagger-annotations-2.1.12.jar:/Users/fatma/.m2/repository/io/swagger/core/v3/swagger-models/2.1.12/swagger-models-2.1.12.jar:/Users/fatma/.m2/repository/org/webjars/swagger-ui/4.5.0/swagger-ui-4.5.0.jar:/Users/fatma/.m2/repository/org/webjars/webjars-locator-core/0.48/webjars-locator-core-0.48.jar:/Users/fatma/.m2/repository/io/github/classgraph/classgraph/4.8.138/classgraph-4.8.138.jar:/Users/fatma/.m2/repository/org/jboss/spec/javax/ws/rs/jboss-jaxrs-api_2.1_spec/2.0.1.Final/jboss-jaxrs-api_2.1_spec-2.0.1.Final.jar:/Users/fatma/.m2/repository/org/springframework/boot/spring-boot-devtools/2.6.7/spring-boot-devtools-2.6.7.jar:/Users/fatma/.m2/repository/org/postgresql/postgresql/42.3.4/postgresql-42.3.4.jar:/Users/fatma/.m2/repository/org/checkerframework/checker-qual/3.5.0/checker-qual-3.5.0.jar:/Users/fatma/.m2/repository/org/modelmapper/modelmapper/3.1.0/modelmapper-3.1.0.jar:/Users/fatma/.m2/repository/org/projectlombok/lombok/1.18.24/lombok-1.18.24.jar:/Users/fatma/.m2/repository/org/springframework/boot/spring-boot-starter-test/2.6.7/spring-boot-starter-test-2.6.7.jar:/Users/fatma/.m2/repository/org/springframework/boot/spring-boot-test/2.6.7/spring-boot-test-2.6.7.jar:/Users/fatma/.m2/repository/org/springframework/boot/spring-boot-test-autoconfigure/2.6.7/spring-boot-test-autoconfigure-2.6.7.jar:/Users/fatma/.m2/repository/com/jayway/jsonpath/json-path/2.6.0/json-path-2.6.0.jar:/Users/fatma/.m2/repository/net/minidev/json-smart/2.4.8/json-smart-2.4.8.jar:/Users/fatma/.m2/repository/net/minidev/accessors-smart/2.4.8/accessors-smart-2.4.8.jar:/Users/fatma/.m2/repository/org/ow2/asm/asm/9.1/asm-9.1.jar:/Users/fatma/.m2/repository/jakarta/xml/bind/jakarta.xml.bind-api/2.3.3/jakarta.xml.bind-api-2.3.3.jar:/Users/fatma/.m2/repository/jakarta/activation/jakarta.activation-api/1.2.2/jakarta.activation-api-1.2.2.jar:/Users/fatma/.m2/repository/org/assertj/assertj-core/3.21.0/assertj-core-3.21.0.jar:/Users/fatma/.m2/repository/org/hamcrest/hamcrest/2.2/hamcrest-2.2.jar:/Users/fatma/.m2/repository/org/junit/jupiter/junit-jupiter/5.8.2/junit-jupiter-5.8.2.jar:/Users/fatma/.m2/repository/org/junit/jupiter/junit-jupiter-api/5.8.2/junit-jupiter-api-5.8.2.jar:/Users/fatma/.m2/repository/org/opentest4j/opentest4j/1.2.0/opentest4j-1.2.0.jar:/Users/fatma/.m2/repository/org/junit/platform/junit-platform-commons/1.8.2/junit-platform-commons-1.8.2.jar:/Users/fatma/.m2/repository/org/apiguardian/apiguardian-api/1.1.2/apiguardian-api-1.1.2.jar:/Users/fatma/.m2/repository/org/junit/jupiter/junit-jupiter-params/5.8.2/junit-jupiter-params-5.8.2.jar:/Users/fatma/.m2/repository/org/junit/jupiter/junit-jupiter-engine/5.8.2/junit-jupiter-engine-5.8.2.jar:/Users/fatma/.m2/repository/org/junit/platform/junit-platform-engine/1.8.2/junit-platform-engine-1.8.2.jar:/Users/fatma/.m2/repository/org/mockito/mockito-core/4.0.0/mockito-core-4.0.0.jar:/Users/fatma/.m2/repository/net/bytebuddy/byte-buddy-agent/1.11.22/byte-buddy-agent-1.11.22.jar:/Users/fatma/.m2/repository/org/objenesis/objenesis/3.2/objenesis-3.2.jar:/Users/fatma/.m2/repository/org/mockito/mockito-junit-jupiter/4.0.0/mockito-junit-jupiter-4.0.0.jar:/Users/fatma/.m2/repository/org/skyscreamer/jsonassert/1.5.0/jsonassert-1.5.0.jar:/Users/fatma/.m2/repository/com/vaadin/external/google/android-json/0.0.20131108.vaadin1/android-json-0.0.20131108.vaadin1.jar:/Users/fatma/.m2/repository/org/springframework/spring-test/5.3.19/spring-test-5.3.19.jar:/Users/fatma/.m2/repository/org/xmlunit/xmlunit-core/2.8.4/xmlunit-core-2.8.4.jar:/Users/fatma/.m2/repository/org/springframework/boot/spring-boot-starter-validation/2.6.7/spring-boot-starter-validation-2.6.7.jar:/Users/fatma/.m2/repository/org/apache/tomcat/embed/tomcat-embed-el/9.0.62/tomcat-embed-el-9.0.62.jar:/Users/fatma/.m2/repository/org/hibernate/validator/hibernate-validator/6.2.3.Final/hibernate-validator-6.2.3.Final.jar:/Users/fatma/.m2/repository/jakarta/validation/jakarta.validation-api/2.0.2/jakarta.validation-api-2.0.2.jar:/Users/fatma/.m2/repository/org/springframework/boot/spring-boot-starter-aop/2.7.0/spring-boot-starter-aop-2.7.0.jar:/Users/fatma/.m2/repository/org/aspectj/aspectjweaver/1.9.7/aspectjweaver-1.9.7.jar:"/>
    <property name="java.vm.vendor" value="Oracle Corporation"/>
    <property name="sun.arch.data.model" value="64"/>
    <property name="java.vendor.url" value="https://java.oracle.com/"/>
    <property name="os.name" value="Mac OS X"/>
    <property name="java.vm.specification.version" value="17"/>
    <property name="sun.java.launcher" value="SUN_STANDARD"/>
    <property name="user.country" value="GB"/>
    <property name="sun.boot.library.path" value="/Users/fatma/Library/Java/JavaVirtualMachines/openjdk-17.0.2/Contents/Home/lib"/>
    <property name="sun.java.command" value="/Users/fatma/IdeaProjects/ticketing-project-rest/target/surefire/surefirebooter14050114573830414022.jar /Users/fatma/IdeaProjects/ticketing-project-rest/target/surefire 2022-06-27T01-17-14_731-jvmRun1 surefire6225596958698691206tmp surefire_013695278679657300662tmp"/>
    <property name="http.nonProxyHosts" value="local|*.local|169.254/16|*.169.254/16"/>
    <property name="jdk.debug" value="release"/>
    <property name="surefire.test.class.path" value="/Users/fatma/IdeaProjects/ticketing-project-rest/target/test-classes:/Users/fatma/IdeaProjects/ticketing-project-rest/target/classes:/Users/fatma/.m2/repository/org/springframework/boot/spring-boot-starter/2.6.7/spring-boot-starter-2.6.7.jar:/Users/fatma/.m2/repository/org/springframework/boot/spring-boot/2.6.7/spring-boot-2.6.7.jar:/Users/fatma/.m2/repository/org/springframework/spring-context/5.3.19/spring-context-5.3.19.jar:/Users/fatma/.m2/repository/org/springframework/boot/spring-boot-autoconfigure/2.6.7/spring-boot-autoconfigure-2.6.7.jar:/Users/fatma/.m2/repository/jakarta/annotation/jakarta.annotation-api/1.3.5/jakarta.annotation-api-1.3.5.jar:/Users/fatma/.m2/repository/org/springframework/spring-core/5.3.19/spring-core-5.3.19.jar:/Users/fatma/.m2/repository/org/springframework/spring-jcl/5.3.19/spring-jcl-5.3.19.jar:/Users/fatma/.m2/repository/org/yaml/snakeyaml/1.29/snakeyaml-1.29.jar:/Users/fatma/.m2/repository/org/springframework/boot/spring-boot-starter-log4j2/2.6.7/spring-boot-starter-log4j2-2.6.7.jar:/Users/fatma/.m2/repository/org/apache/logging/log4j/log4j-slf4j-impl/2.17.2/log4j-slf4j-impl-2.17.2.jar:/Users/fatma/.m2/repository/org/slf4j/slf4j-api/1.7.36/slf4j-api-1.7.36.jar:/Users/fatma/.m2/repository/org/apache/logging/log4j/log4j-api/2.17.2/log4j-api-2.17.2.jar:/Users/fatma/.m2/repository/org/apache/logging/log4j/log4j-core/2.17.2/log4j-core-2.17.2.jar:/Users/fatma/.m2/repository/org/apache/logging/log4j/log4j-jul/2.17.2/log4j-jul-2.17.2.jar:/Users/fatma/.m2/repository/org/slf4j/jul-to-slf4j/1.7.36/jul-to-slf4j-1.7.36.jar:/Users/fatma/.m2/repository/org/springframework/boot/spring-boot-starter-data-jpa/2.6.7/spring-boot-starter-data-jpa-2.6.7.jar:/Users/fatma/.m2/repository/org/springframework/boot/spring-boot-starter-jdbc/2.6.7/spring-boot-starter-jdbc-2.6.7.jar:/Users/fatma/.m2/repository/com/zaxxer/HikariCP/4.0.3/HikariCP-4.0.3.jar:/Users/fatma/.m2/repository/org/springframework/spring-jdbc/5.3.19/spring-jdbc-5.3.19.jar:/Users/fatma/.m2/repository/jakarta/transaction/jakarta.transaction-api/1.3.3/jakarta.transaction-api-1.3.3.jar:/Users/fatma/.m2/repository/jakarta/persistence/jakarta.persistence-api/2.2.3/jakarta.persistence-api-2.2.3.jar:/Users/fatma/.m2/repository/org/hibernate/hibernate-core/5.6.8.Final/hibernate-core-5.6.8.Final.jar:/Users/fatma/.m2/repository/org/jboss/logging/jboss-logging/3.4.3.Final/jboss-logging-3.4.3.Final.jar:/Users/fatma/.m2/repository/net/bytebuddy/byte-buddy/1.11.22/byte-buddy-1.11.22.jar:/Users/fatma/.m2/repository/antlr/antlr/2.7.7/antlr-2.7.7.jar:/Users/fatma/.m2/repository/org/jboss/jandex/2.4.2.Final/jandex-2.4.2.Final.jar:/Users/fatma/.m2/repository/com/fasterxml/classmate/1.5.1/classmate-1.5.1.jar:/Users/fatma/.m2/repository/org/hibernate/common/hibernate-commons-annotations/5.1.2.Final/hibernate-commons-annotations-5.1.2.Final.jar:/Users/fatma/.m2/repository/org/glassfish/jaxb/jaxb-runtime/2.3.6/jaxb-runtime-2.3.6.jar:/Users/fatma/.m2/repository/org/glassfish/jaxb/txw2/2.3.6/txw2-2.3.6.jar:/Users/fatma/.m2/repository/com/sun/istack/istack-commons-runtime/3.0.12/istack-commons-runtime-3.0.12.jar:/Users/fatma/.m2/repository/com/sun/activation/jakarta.activation/1.2.2/jakarta.activation-1.2.2.jar:/Users/fatma/.m2/repository/org/springframework/data/spring-data-jpa/2.6.4/spring-data-jpa-2.6.4.jar:/Users/fatma/.m2/repository/org/springframework/data/spring-data-commons/2.6.4/spring-data-commons-2.6.4.jar:/Users/fatma/.m2/repository/org/springframework/spring-orm/5.3.19/spring-orm-5.3.19.jar:/Users/fatma/.m2/repository/org/springframework/spring-tx/5.3.19/spring-tx-5.3.19.jar:/Users/fatma/.m2/repository/org/springframework/spring-beans/5.3.19/spring-beans-5.3.19.jar:/Users/fatma/.m2/repository/org/springframework/spring-aspects/5.3.19/spring-aspects-5.3.19.jar:/Users/fatma/.m2/repository/org/springframework/boot/spring-boot-starter-thymeleaf/2.6.7/spring-boot-starter-thymeleaf-2.6.7.jar:/Users/fatma/.m2/repository/org/thymeleaf/thymeleaf-spring5/3.0.15.RELEASE/thymeleaf-spring5-3.0.15.RELEASE.jar:/Users/fatma/.m2/repository/org/thymeleaf/thymeleaf/3.0.15.RELEASE/thymeleaf-3.0.15.RELEASE.jar:/Users/fatma/.m2/repository/org/attoparser/attoparser/2.0.5.RELEASE/attoparser-2.0.5.RELEASE.jar:/Users/fatma/.m2/repository/org/unbescape/unbescape/1.1.6.RELEASE/unbescape-1.1.6.RELEASE.jar:/Users/fatma/.m2/repository/org/thymeleaf/extras/thymeleaf-extras-java8time/3.0.4.RELEASE/thymeleaf-extras-java8time-3.0.4.RELEASE.jar:/Users/fatma/.m2/repository/org/springframework/boot/spring-boot-starter-web/2.6.7/spring-boot-starter-web-2.6.7.jar:/Users/fatma/.m2/repository/org/springframework/boot/spring-boot-starter-json/2.6.7/spring-boot-starter-json-2.6.7.jar:/Users/fatma/.m2/repository/com/fasterxml/jackson/core/jackson-databind/2.13.2.1/jackson-databind-2.13.2.1.jar:/Users/fatma/.m2/repository/com/fasterxml/jackson/datatype/jackson-datatype-jdk8/2.13.2/jackson-datatype-jdk8-2.13.2.jar:/Users/fatma/.m2/repository/com/fasterxml/jackson/datatype/jackson-datatype-jsr310/2.13.2/jackson-datatype-jsr310-2.13.2.jar:/Users/fatma/.m2/repository/com/fasterxml/jackson/module/jackson-module-parameter-names/2.13.2/jackson-module-parameter-names-2.13.2.jar:/Users/fatma/.m2/repository/org/springframework/boot/spring-boot-starter-tomcat/2.6.7/spring-boot-starter-tomcat-2.6.7.jar:/Users/fatma/.m2/repository/org/apache/tomcat/embed/tomcat-embed-core/9.0.62/tomcat-embed-core-9.0.62.jar:/Users/fatma/.m2/repository/org/apache/tomcat/embed/tomcat-embed-websocket/9.0.62/tomcat-embed-websocket-9.0.62.jar:/Users/fatma/.m2/repository/org/springframework/spring-web/5.3.19/spring-web-5.3.19.jar:/Users/fatma/.m2/repository/org/springframework/spring-webmvc/5.3.19/spring-webmvc-5.3.19.jar:/Users/fatma/.m2/repository/org/springframework/spring-expression/5.3.19/spring-expression-5.3.19.jar:/Users/fatma/.m2/repository/org/springframework/boot/spring-boot-starter-security/2.6.7/spring-boot-starter-security-2.6.7.jar:/Users/fatma/.m2/repository/org/springframework/spring-aop/5.3.19/spring-aop-5.3.19.jar:/Users/fatma/.m2/repository/org/springframework/security/spring-security-config/5.6.3/spring-security-config-5.6.3.jar:/Users/fatma/.m2/repository/org/springframework/security/spring-security-core/5.6.3/spring-security-core-5.6.3.jar:/Users/fatma/.m2/repository/org/springframework/security/spring-security-crypto/5.6.3/spring-security-crypto-5.6.3.jar:/Users/fatma/.m2/repository/org/springframework/security/spring-security-web/5.6.3/spring-security-web-5.6.3.jar:/Users/fatma/.m2/repository/org/keycloak/keycloak-spring-boot-starter/18.0.0/keycloak-spring-boot-starter-18.0.0.jar:/Users/fatma/.m2/repository/org/keycloak/keycloak-spring-boot-2-adapter/18.0.0/keycloak-spring-boot-2-adapter-18.0.0.jar:/Users/fatma/.m2/repository/org/keycloak/keycloak-spring-boot-adapter-core/18.0.0/keycloak-spring-boot-adapter-core-18.0.0.jar:/Users/fatma/.m2/repository/org/keycloak/keycloak-authz-client/18.0.0/keycloak-authz-client-18.0.0.jar:/Users/fatma/.m2/repository/org/apache/httpcomponents/httpclient/4.5.13/httpclient-4.5.13.jar:/Users/fatma/.m2/repository/org/apache/httpcomponents/httpcore/4.4.15/httpcore-4.4.15.jar:/Users/fatma/.m2/repository/org/keycloak/spring-boot-container-bundle/18.0.0/spring-boot-container-bundle-18.0.0.jar:/Users/fatma/.m2/repository/org/keycloak/keycloak-adapter-core/18.0.0/keycloak-adapter-core-18.0.0.jar:/Users/fatma/.m2/repository/org/keycloak/keycloak-spring-security-adapter/18.0.0/keycloak-spring-security-adapter-18.0.0.jar:/Users/fatma/.m2/repository/org/keycloak/keycloak-adapter-spi/18.0.0/keycloak-adapter-spi-18.0.0.jar:/Users/fatma/.m2/repository/org/bouncycastle/bcprov-jdk15on/1.68/bcprov-jdk15on-1.68.jar:/Users/fatma/.m2/repository/com/fasterxml/jackson/core/jackson-core/2.13.2/jackson-core-2.13.2.jar:/Users/fatma/.m2/repository/com/fasterxml/jackson/core/jackson-annotations/2.13.2/jackson-annotations-2.13.2.jar:/Users/fatma/.m2/repository/org/keycloak/keycloak-admin-client/18.0.0/keycloak-admin-client-18.0.0.jar:/Users/fatma/.m2/repository/org/keycloak/keycloak-core/18.0.0/keycloak-core-18.0.0.jar:/Users/fatma/.m2/repository/org/keycloak/keycloak-common/18.0.0/keycloak-common-18.0.0.jar:/Users/fatma/.m2/repository/org/jboss/resteasy/resteasy-client/3.13.2.Final/resteasy-client-3.13.2.Final.jar:/Users/fatma/.m2/repository/org/jboss/resteasy/resteasy-jaxrs/3.13.2.Final/resteasy-jaxrs-3.13.2.Final.jar:/Users/fatma/.m2/repository/org/reactivestreams/reactive-streams/1.0.3/reactive-streams-1.0.3.jar:/Users/fatma/.m2/repository/org/jboss/spec/javax/annotation/jboss-annotations-api_1.3_spec/2.0.1.Final/jboss-annotations-api_1.3_spec-2.0.1.Final.jar:/Users/fatma/.m2/repository/com/github/stephenc/jcip/jcip-annotations/1.0-1/jcip-annotations-1.0-1.jar:/Users/fatma/.m2/repository/commons-codec/commons-codec/1.15/commons-codec-1.15.jar:/Users/fatma/.m2/repository/commons-io/commons-io/2.5/commons-io-2.5.jar:/Users/fatma/.m2/repository/org/jboss/resteasy/resteasy-multipart-provider/3.13.2.Final/resteasy-multipart-provider-3.13.2.Final.jar:/Users/fatma/.m2/repository/com/sun/mail/jakarta.mail/1.6.7/jakarta.mail-1.6.7.jar:/Users/fatma/.m2/repository/org/apache/james/apache-mime4j/0.6/apache-mime4j-0.6.jar:/Users/fatma/.m2/repository/org/jboss/resteasy/resteasy-jackson2-provider/3.13.2.Final/resteasy-jackson2-provider-3.13.2.Final.jar:/Users/fatma/.m2/repository/com/fasterxml/jackson/jaxrs/jackson-jaxrs-json-provider/2.13.2/jackson-jaxrs-json-provider-2.13.2.jar:/Users/fatma/.m2/repository/com/fasterxml/jackson/jaxrs/jackson-jaxrs-base/2.13.2/jackson-jaxrs-base-2.13.2.jar:/Users/fatma/.m2/repository/com/fasterxml/jackson/module/jackson-module-jaxb-annotations/2.13.2/jackson-module-jaxb-annotations-2.13.2.jar:/Users/fatma/.m2/repository/com/github/fge/json-patch/1.9/json-patch-1.9.jar:/Users/fatma/.m2/repository/com/github/fge/jackson-coreutils/1.6/jackson-coreutils-1.6.jar:/Users/fatma/.m2/repository/com/github/fge/msg-simple/1.1/msg-simple-1.1.jar:/Users/fatma/.m2/repository/com/github/fge/btf/1.2/btf-1.2.jar:/Users/fatma/.m2/repository/com/google/guava/guava/28.1-jre/guava-28.1-jre.jar:/Users/fatma/.m2/repository/com/google/guava/failureaccess/1.0.1/failureaccess-1.0.1.jar:/Users/fatma/.m2/repository/com/google/guava/listenablefuture/9999.0-empty-to-avoid-conflict-with-guava/listenablefuture-9999.0-empty-to-avoid-conflict-with-guava.jar:/Users/fatma/.m2/repository/org/jboss/resteasy/resteasy-jaxb-provider/3.13.2.Final/resteasy-jaxb-provider-3.13.2.Final.jar:/Users/fatma/.m2/repository/org/jboss/spec/javax/xml/bind/jboss-jaxb-api_2.3_spec/2.0.0.Final/jboss-jaxb-api_2.3_spec-2.0.0.Final.jar:/Users/fatma/.m2/repository/org/springdoc/springdoc-openapi-ui/1.6.6/springdoc-openapi-ui-1.6.6.jar:/Users/fatma/.m2/repository/org/springdoc/springdoc-openapi-webmvc-core/1.6.6/springdoc-openapi-webmvc-core-1.6.6.jar:/Users/fatma/.m2/repository/org/springdoc/springdoc-openapi-common/1.6.6/springdoc-openapi-common-1.6.6.jar:/Users/fatma/.m2/repository/io/swagger/core/v3/swagger-core/2.1.12/swagger-core-2.1.12.jar:/Users/fatma/.m2/repository/org/apache/commons/commons-lang3/3.12.0/commons-lang3-3.12.0.jar:/Users/fatma/.m2/repository/com/fasterxml/jackson/dataformat/jackson-dataformat-yaml/2.13.2/jackson-dataformat-yaml-2.13.2.jar:/Users/fatma/.m2/repository/io/swagger/core/v3/swagger-annotations/2.1.12/swagger-annotations-2.1.12.jar:/Users/fatma/.m2/repository/io/swagger/core/v3/swagger-models/2.1.12/swagger-models-2.1.12.jar:/Users/fatma/.m2/repository/org/webjars/swagger-ui/4.5.0/swagger-ui-4.5.0.jar:/Users/fatma/.m2/repository/org/webjars/webjars-locator-core/0.48/webjars-locator-core-0.48.jar:/Users/fatma/.m2/repository/io/github/classgraph/classgraph/4.8.138/classgraph-4.8.138.jar:/Users/fatma/.m2/repository/org/jboss/spec/javax/ws/rs/jboss-jaxrs-api_2.1_spec/2.0.1.Final/jboss-jaxrs-api_2.1_spec-2.0.1.Final.jar:/Users/fatma/.m2/repository/org/springframework/boot/spring-boot-devtools/2.6.7/spring-boot-devtools-2.6.7.jar:/Users/fatma/.m2/repository/org/postgresql/postgresql/42.3.4/postgresql-42.3.4.jar:/Users/fatma/.m2/repository/org/checkerframework/checker-qual/3.5.0/checker-qual-3.5.0.jar:/Users/fatma/.m2/repository/org/modelmapper/modelmapper/3.1.0/modelmapper-3.1.0.jar:/Users/fatma/.m2/repository/org/projectlombok/lombok/1.18.24/lombok-1.18.24.jar:/Users/fatma/.m2/repository/org/springframework/boot/spring-boot-starter-test/2.6.7/spring-boot-starter-test-2.6.7.jar:/Users/fatma/.m2/repository/org/springframework/boot/spring-boot-test/2.6.7/spring-boot-test-2.6.7.jar:/Users/fatma/.m2/repository/org/springframework/boot/spring-boot-test-autoconfigure/2.6.7/spring-boot-test-autoconfigure-2.6.7.jar:/Users/fatma/.m2/repository/com/jayway/jsonpath/json-path/2.6.0/json-path-2.6.0.jar:/Users/fatma/.m2/repository/net/minidev/json-smart/2.4.8/json-smart-2.4.8.jar:/Users/fatma/.m2/repository/net/minidev/accessors-smart/2.4.8/accessors-smart-2.4.8.jar:/Users/fatma/.m2/repository/org/ow2/asm/asm/9.1/asm-9.1.jar:/Users/fatma/.m2/repository/jakarta/xml/bind/jakarta.xml.bind-api/2.3.3/jakarta.xml.bind-api-2.3.3.jar:/Users/fatma/.m2/repository/jakarta/activation/jakarta.activation-api/1.2.2/jakarta.activation-api-1.2.2.jar:/Users/fatma/.m2/repository/org/assertj/assertj-core/3.21.0/assertj-core-3.21.0.jar:/Users/fatma/.m2/repository/org/hamcrest/hamcrest/2.2/hamcrest-2.2.jar:/Users/fatma/.m2/repository/org/junit/jupiter/junit-jupiter/5.8.2/junit-jupiter-5.8.2.jar:/Users/fatma/.m2/repository/org/junit/jupiter/junit-jupiter-api/5.8.2/junit-jupiter-api-5.8.2.jar:/Users/fatma/.m2/repository/org/opentest4j/opentest4j/1.2.0/opentest4j-1.2.0.jar:/Users/fatma/.m2/repository/org/junit/platform/junit-platform-commons/1.8.2/junit-platform-commons-1.8.2.jar:/Users/fatma/.m2/repository/org/apiguardian/apiguardian-api/1.1.2/apiguardian-api-1.1.2.jar:/Users/fatma/.m2/repository/org/junit/jupiter/junit-jupiter-params/5.8.2/junit-jupiter-params-5.8.2.jar:/Users/fatma/.m2/repository/org/junit/jupiter/junit-jupiter-engine/5.8.2/junit-jupiter-engine-5.8.2.jar:/Users/fatma/.m2/repository/org/junit/platform/junit-platform-engine/1.8.2/junit-platform-engine-1.8.2.jar:/Users/fatma/.m2/repository/org/mockito/mockito-core/4.0.0/mockito-core-4.0.0.jar:/Users/fatma/.m2/repository/net/bytebuddy/byte-buddy-agent/1.11.22/byte-buddy-agent-1.11.22.jar:/Users/fatma/.m2/repository/org/objenesis/objenesis/3.2/objenesis-3.2.jar:/Users/fatma/.m2/repository/org/mockito/mockito-junit-jupiter/4.0.0/mockito-junit-jupiter-4.0.0.jar:/Users/fatma/.m2/repository/org/skyscreamer/jsonassert/1.5.0/jsonassert-1.5.0.jar:/Users/fatma/.m2/repository/com/vaadin/external/google/android-json/0.0.20131108.vaadin1/android-json-0.0.20131108.vaadin1.jar:/Users/fatma/.m2/repository/org/springframework/spring-test/5.3.19/spring-test-5.3.19.jar:/Users/fatma/.m2/repository/org/xmlunit/xmlunit-core/2.8.4/xmlunit-core-2.8.4.jar:/Users/fatma/.m2/repository/org/springframework/boot/spring-boot-starter-validation/2.6.7/spring-boot-starter-validation-2.6.7.jar:/Users/fatma/.m2/repository/org/apache/tomcat/embed/tomcat-embed-el/9.0.62/tomcat-embed-el-9.0.62.jar:/Users/fatma/.m2/repository/org/hibernate/validator/hibernate-validator/6.2.3.Final/hibernate-validator-6.2.3.Final.jar:/Users/fatma/.m2/repository/jakarta/validation/jakarta.validation-api/2.0.2/jakarta.validation-api-2.0.2.jar:/Users/fatma/.m2/repository/org/springframework/boot/spring-boot-starter-aop/2.7.0/spring-boot-starter-aop-2.7.0.jar:/Users/fatma/.m2/repository/org/aspectj/aspectjweaver/1.9.7/aspectjweaver-1.9.7.jar:"/>
    <property name="sun.cpu.endian" value="little"/>
    <property name="user.home" value="/Users/fatma"/>
    <property name="user.language" value="en"/>
    <property name="java.specification.vendor" value="Oracle Corporation"/>
    <property name="java.version.date" value="2022-01-18"/>
    <property name="java.home" value="/Users/fatma/Library/Java/JavaVirtualMachines/openjdk-17.0.2/Contents/Home"/>
    <property name="file.separator" value="/"/>
    <property name="basedir" value="/Users/fatma/IdeaProjects/ticketing-project-rest"/>
    <property name="java.vm.compressedOopsMode" value="Zero based"/>
    <property name="line.separator" value="&#10;"/>
    <property name="java.specification.name" value="Java Platform API Specification"/>
    <property name="java.vm.specification.vendor" value="Oracle Corporation"/>
    <property name="surefire.real.class.path" value="/Users/fatma/IdeaProjects/ticketing-project-rest/target/surefire/surefirebooter14050114573830414022.jar"/>
    <property name="sun.management.compiler" value="HotSpot 64-Bit Tiered Compilers"/>
    <property name="ftp.nonProxyHosts" value="local|*.local|169.254/16|*.169.254/16"/>
    <property name="java.runtime.version" value="17.0.2+8-86"/>
    <property name="user.name" value="fatma"/>
    <property name="path.separator" value=":"/>
    <property name="os.version" value="12.3.1"/>
    <property name="java.runtime.name" value="OpenJDK Runtime Environment"/>
    <property name="file.encoding" value="UTF-8"/>
    <property name="java.vm.name" value="OpenJDK 64-Bit Server VM"/>
    <property name="localRepository" value="/Users/fatma/.m2/repository"/>
    <property name="java.vendor.url.bug" value="https://bugreport.java.com/bugreport/"/>
    <property name="java.io.tmpdir" value="/var/folders/mp/jfzvsph92358rp1f_wj85_w00000gn/T/"/>
    <property name="idea.version" value="2021.3.2"/>
    <property name="java.version" value="17.0.2"/>
    <property name="user.dir" value="/Users/fatma/IdeaProjects/ticketing-project-rest"/>
    <property name="os.arch" value="x86_64"/>
    <property name="java.vm.specification.name" value="Java Virtual Machine Specification"/>
    <property name="native.encoding" value="UTF-8"/>
    <property name="java.library.path" value="/Users/fatma/Library/Java/Extensions:/Library/Java/Extensions:/Network/Library/Java/Extensions:/System/Library/Java/Extensions:/usr/lib/java:."/>
    <property name="java.vm.info" value="mixed mode, sharing"/>
    <property name="java.vendor" value="Oracle Corporation"/>
    <property name="java.vm.version" value="17.0.2+8-86"/>
    <property name="sun.io.unicode.encoding" value="UnicodeBig"/>
    <property name="socksNonProxyHosts" value="local|*.local|169.254/16|*.169.254/16"/>
    <property name="java.class.version" value="61.0"/>
  </properties>
  <testcase name="contextLoads" classname="com.cydeo.TicketingProjectOrmApplicationTests" time="0.228"/>
</testsuite>